<?xml version="1.0" encoding="UTF-8"?>
<!-- Generated by org.testng.reporters.JUnitXMLReporter -->
<testsuite hostname="DESKTOP-6AKBNI5" ignored="1" name="Default test" tests="6" failures="0" timestamp="07 Dec 2018 16:43:46 GMT" time="0.094" errors="0">
  <testcase name="a" time="0.017" classname="tngpac.Me1"/>
  <testcase name="aa" time="0.002" classname="tngpac.Me1"/>
  <testcase name="b" time="0.004" classname="tngpac.Me1"/>
  <testcase name="bb" time="0.003" classname="tngpac.Me1"/>
  <testcase name="bbb" time="0.001" classname="tngpac.Me1"/>
  <testcase name="aaa" time="0.002" classname="tngpac.Me1"/>
  <testcase name="e" time="0.0" classname="tngpac.Me1">
    <ignored/>
  </testcase> <!-- e -->
</testsuite> <!-- Default test -->
